Using pre-set license
Built from '2021.2/staging' branch; Version is '2021.2.7f1 (6bd9e232123f) revision 7068130'; Using compiler version '192829333'; Build Type 'Release'
OS: 'Windows 10  (10.0.19042) 64bit Core' Language: 'en' Physical Memory: 20360 MB
BatchMode: 1, IsHumanControllingUs: 0, StartBugReporterOnCrash: 0, Is64bit: 1, IsPro: 0

COMMAND LINE ARGUMENTS:
C:\Program Files\Unity\Hub\Editor\2021.2.7f1\Editor\Unity.exe
-adb2
-batchMode
-noUpm
-name
AssetImportWorker1
-projectPath
C:/Unity Projects/Jet-Pac-Jack-Unity
-logFile
Logs/AssetImportWorker1.log
-srvPort
63841
Successfully changed project path to: C:/Unity Projects/Jet-Pac-Jack-Unity
C:/Unity Projects/Jet-Pac-Jack-Unity
[UnityMemory] Configuration Parameters - Can be set up in boot.config
    "memorysetup-bucket-allocator-granularity=16"
    "memorysetup-bucket-allocator-bucket-count=8"
    "memorysetup-bucket-allocator-block-size=33554432"
    "memorysetup-bucket-allocator-block-count=8"
    "memorysetup-main-allocator-block-size=16777216"
    "memorysetup-thread-allocator-block-size=16777216"
    "memorysetup-gfx-main-allocator-block-size=16777216"
    "memorysetup-gfx-thread-allocator-block-size=16777216"
    "memorysetup-cache-allocator-block-size=4194304"
    "memorysetup-typetree-allocator-block-size=2097152"
    "memorysetup-profiler-bucket-allocator-granularity=16"
    "memorysetup-profiler-bucket-allocator-bucket-count=8"
    "memorysetup-profiler-bucket-allocator-block-size=33554432"
    "memorysetup-profiler-bucket-allocator-block-count=8"
    "memorysetup-profiler-allocator-block-size=16777216"
    "memorysetup-profiler-editor-allocator-block-size=1048576"
    "memorysetup-temp-allocator-size-main=16777216"
    "memorysetup-job-temp-allocator-block-size=2097152"
    "memorysetup-job-temp-allocator-block-size-background=1048576"
    "memorysetup-job-temp-allocator-reduction-small-platforms=262144"
    "memorysetup-temp-allocator-size-background-worker=32768"
    "memorysetup-temp-allocator-size-job-worker=262144"
    "memorysetup-temp-allocator-size-preload-manager=33554432"
    "memorysetup-temp-allocator-size-nav-mesh-worker=65536"
    "memorysetup-temp-allocator-size-audio-worker=65536"
    "memorysetup-temp-allocator-size-cloud-worker=32768"
    "memorysetup-temp-allocator-size-gi-baking-worker=262144"
    "memorysetup-temp-allocator-size-gfx=262144"
Refreshing native plugins compatible for Editor in 157.80 ms, found 4 plugins.
Preloading 0 native plugins for Editor in 0.00 ms.
Initialize engine version: 2021.2.7f1 (6bd9e232123f)
[Subsystems] Discovering subsystems at path C:/Program Files/Unity/Hub/Editor/2021.2.7f1/Editor/Data/Resources/UnitySubsystems
[Subsystems] Discovering subsystems at path C:/Unity Projects/Jet-Pac-Jack-Unity/Assets
GfxDevice: creating device client; threaded=0; jobified=0
Direct3D:
    Version:  Direct3D 11.0 [level 11.1]
    Renderer: Intel(R) HD Graphics 530 (ID=0x1912)
    Vendor:   Intel
    VRAM:     10180 MB
    Driver:   27.20.100.8681
Initialize mono
Mono path[0] = 'C:/Program Files/Unity/Hub/Editor/2021.2.7f1/Editor/Data/Managed'
Mono path[1] = 'C:/Program Files/Unity/Hub/Editor/2021.2.7f1/Editor/Data/MonoBleedingEdge/lib/mono/unityjit-win32'
Mono config path = 'C:/Program Files/Unity/Hub/Editor/2021.2.7f1/Editor/Data/MonoBleedingEdge/etc'
Using monoOptions --debugger-agent=transport=dt_socket,embedding=1,server=y,suspend=n,address=127.0.0.1:56376
Begin MonoManager ReloadAssembly
Registering precompiled unity dll's ...
Register platform support module: C:/Program Files/Unity/Hub/Editor/2021.2.7f1/Editor/Data/PlaybackEngines/WindowsStandaloneSupport/UnityEditor.WindowsStandalone.Extensions.dll
Registered in 0.012619 seconds.
Native extension for WindowsStandalone target not found
Refreshing native plugins compatible for Editor in 163.14 ms, found 4 plugins.
Preloading 0 native plugins for Editor in 0.00 ms.
Mono: successfully reloaded assembly
- Completed reload, in  0.997 seconds
Domain Reload Profiling:
	ReloadAssembly (998ms)
		BeginReloadAssembly (118ms)
			ExecutionOrderSort (0ms)
			DisableScriptedObjects (0ms)
			BackupInstance (0ms)
			ReleaseScriptingObjects (0ms)
			CreateAndSetChildDomain (1ms)
		EndReloadAssembly (752ms)
			LoadAssemblies (114ms)
			RebuildTransferFunctionScriptingTraits (0ms)
			SetupTypeCache (157ms)
			ReleaseScriptCaches (0ms)
			RebuildScriptCaches (41ms)
			SetupLoadedEditorAssemblies (472ms)
				LogAssemblyErrors (0ms)
				InitializePlatformSupportModulesInManaged (24ms)
				SetLoadedEditorAssemblies (0ms)
				RefreshPlugins (163ms)
				BeforeProcessingInitializeOnLoad (2ms)
				ProcessInitializeOnLoadAttributes (212ms)
				ProcessInitializeOnLoadMethodAttributes (72ms)
				AfterProcessingInitializeOnLoad (0ms)
				EditorAssembliesLoaded (0ms)
			ExecutionOrderSort2 (0ms)
			AwakeInstancesAfterBackupRestoration (0ms)
Platform modules already initialized, skipping
Registering precompiled user dll's ...
Registered in 0.013416 seconds.
Begin MonoManager ReloadAssembly
Symbol file LoadedFromMemory doesn't match image C:\Unity Projects\Jet-Pac-Jack-Unity\Library\PackageCache\com.unity.visualscripting@1.7.6\Editor\VisualScripting.Core\Dependencies\YamlDotNet\Unity.VisualScripting.YamlDotNet.dll
Symbol file LoadedFromMemory doesn't match image C:\Unity Projects\Jet-Pac-Jack-Unity\Library\PackageCache\com.unity.visualscripting@1.7.6\Editor\VisualScripting.Core\Dependencies\DotNetZip\Unity.VisualScripting.IonicZip.dll
Native extension for WindowsStandalone target not found
Refreshing native plugins compatible for Editor in 141.23 ms, found 4 plugins.
Preloading 0 native plugins for Editor in 0.00 ms.
Mono: successfully reloaded assembly
- Completed reload, in  2.607 seconds
Domain Reload Profiling:
	ReloadAssembly (2608ms)
		BeginReloadAssembly (158ms)
			ExecutionOrderSort (0ms)
			DisableScriptedObjects (8ms)
			BackupInstance (0ms)
			ReleaseScriptingObjects (0ms)
			CreateAndSetChildDomain (27ms)
		EndReloadAssembly (2289ms)
			LoadAssemblies (121ms)
			RebuildTransferFunctionScriptingTraits (0ms)
			SetupTypeCache (345ms)
			ReleaseScriptCaches (1ms)
			RebuildScriptCaches (87ms)
			SetupLoadedEditorAssemblies (1650ms)
				LogAssemblyErrors (0ms)
				InitializePlatformSupportModulesInManaged (16ms)
				SetLoadedEditorAssemblies (0ms)
				RefreshPlugins (141ms)
				BeforeProcessingInitializeOnLoad (140ms)
				ProcessInitializeOnLoadAttributes (1289ms)
				ProcessInitializeOnLoadMethodAttributes (50ms)
				AfterProcessingInitializeOnLoad (13ms)
				EditorAssembliesLoaded (0ms)
			ExecutionOrderSort2 (0ms)
			AwakeInstancesAfterBackupRestoration (15ms)
Platform modules already initialized, skipping
========================================================================
Worker process is ready to serve import requests
Launched and connected shader compiler UnityShaderCompiler.exe after 0.13 seconds
Refreshing native plugins compatible for Editor in 0.99 ms, found 4 plugins.
Preloading 0 native plugins for Editor in 0.00 ms.
Unloading 4057 Unused Serialized files (Serialized files now loaded: 0)
Unloading 39 unused Assets / (436.5 KB). Loaded Objects now: 4519.
Memory consumption went from 161.5 MB to 161.1 MB.
Total: 5.652900 ms (FindLiveObjects: 0.385700 ms CreateObjectMapping: 0.317700 ms MarkObjects: 4.586200 ms  DeleteObjects: 0.361700 ms)

AssetImportParameters requested are different than current active one (requested -> active):
  custom:video-decoder-ogg-theora: a1e56fd34408186e4bbccfd4996cb3dc -> 
  custom:container-muxer-webm: aa71ff27fc2769a1b78a27578f13a17b -> 
  custom:container-demuxer-webm: 4f35f7cbe854078d1ac9338744f61a02 -> 
  custom:video-encoder-webm-vp8: eb34c28f22e8b96e1ab97ce403110664 -> 
  custom:audio-encoder-webm-vorbis: bf7c407c2cedff20999df2af8eb42d56 -> 
  custom:framework-win-MediaFoundation: 216162199b28c13a410421893ffa2e32 -> 
  custom:container-demuxer-ogg: 62fdf1f143b41e24485cea50d1cbac27 -> 
  custom:video-decoder-webm-vp8: 9c59270c3fd7afecdb556c50c9e8de78 -> 
  custom:audio-decoder-ogg-vorbis: bf7c407c2cedff20999df2af8eb42d56 -> 
========================================================================
Received Import Request.
  Time since last request: 149373.120586 seconds.
  path: Assets/Prefabs/Gem03.prefab
  artifactKey: Guid(a3d083f038d3b6249a45ff087ab66260) Importer(815301076,1909f56bfc062723c751e8b465ee728b)
Start importing Assets/Prefabs/Gem03.prefab using Guid(a3d083f038d3b6249a45ff087ab66260) Importer(815301076,1909f56bfc062723c751e8b465ee728b)  -> (artifact id: 'f90702a9c5aea64fc204c7158dd12e85') in 0.171059 seconds 
========================================================================
Received Import Request.
  Time since last request: 2.387808 seconds.
  path: Assets/Prefabs/Gem04.prefab
  artifactKey: Guid(b246410948886fd45a993382b613d0c8) Importer(815301076,1909f56bfc062723c751e8b465ee728b)
Start importing Assets/Prefabs/Gem04.prefab using Guid(b246410948886fd45a993382b613d0c8) Importer(815301076,1909f56bfc062723c751e8b465ee728b)  -> (artifact id: '9c00f6dfda68991739d6729d926c24b4') in 0.032639 seconds 
========================================================================
Received Import Request.
  Time since last request: 1.642492 seconds.
  path: Assets/Prefabs/Gem05.prefab
  artifactKey: Guid(3dc8cd9373e5a7a43b23e18f71cec090) Importer(815301076,1909f56bfc062723c751e8b465ee728b)
Start importing Assets/Prefabs/Gem05.prefab using Guid(3dc8cd9373e5a7a43b23e18f71cec090) Importer(815301076,1909f56bfc062723c751e8b465ee728b)  -> (artifact id: '0e9e9bff3c8da31283b7a8487f763d4b') in 0.023120 seconds 
========================================================================
Received Import Request.
  Time since last request: 2.074413 seconds.
  path: Assets/Prefabs/Gem02.prefab
  artifactKey: Guid(6a799b1847f14214b86991cd6989a89c) Importer(815301076,1909f56bfc062723c751e8b465ee728b)
Start importing Assets/Prefabs/Gem02.prefab using Guid(6a799b1847f14214b86991cd6989a89c) Importer(815301076,1909f56bfc062723c751e8b465ee728b)  -> (artifact id: '345312637e221dcd4ee1430cd078c60e') in 0.017839 seconds 
========================================================================
Received Import Request.
  Time since last request: 18.375618 seconds.
  path: Assets/Prefabs/Gem05.prefab
  artifactKey: Guid(3dc8cd9373e5a7a43b23e18f71cec090) Importer(815301076,1909f56bfc062723c751e8b465ee728b)
Start importing Assets/Prefabs/Gem05.prefab using Guid(3dc8cd9373e5a7a43b23e18f71cec090) Importer(815301076,1909f56bfc062723c751e8b465ee728b)  -> (artifact id: '46c3fd7ca18139ce5a6077e454a65683') in 0.020869 seconds 
========================================================================
Received Prepare
Registering precompiled user dll's ...
Registered in 0.012983 seconds.
Begin MonoManager ReloadAssembly
Symbol file LoadedFromMemory doesn't match image C:\Unity Projects\Jet-Pac-Jack-Unity\Library\PackageCache\com.unity.visualscripting@1.7.6\Editor\VisualScripting.Core\Dependencies\YamlDotNet\Unity.VisualScripting.YamlDotNet.dll
Symbol file LoadedFromMemory doesn't match image C:\Unity Projects\Jet-Pac-Jack-Unity\Library\PackageCache\com.unity.visualscripting@1.7.6\Editor\VisualScripting.Core\Dependencies\DotNetZip\Unity.VisualScripting.IonicZip.dll
Native extension for WindowsStandalone target not found
Refreshing native plugins compatible for Editor in 1.13 ms, found 4 plugins.
Preloading 0 native plugins for Editor in 0.00 ms.
Mono: successfully reloaded assembly
- Completed reload, in  2.582 seconds
Domain Reload Profiling:
	ReloadAssembly (2584ms)
		BeginReloadAssembly (189ms)
			ExecutionOrderSort (0ms)
			DisableScriptedObjects (12ms)
			BackupInstance (0ms)
			ReleaseScriptingObjects (0ms)
			CreateAndSetChildDomain (53ms)
		EndReloadAssembly (2247ms)
			LoadAssemblies (128ms)
			RebuildTransferFunctionScriptingTraits (0ms)
			SetupTypeCache (390ms)
			ReleaseScriptCaches (4ms)
			RebuildScriptCaches (147ms)
			SetupLoadedEditorAssemblies (1356ms)
				LogAssemblyErrors (0ms)
				InitializePlatformSupportModulesInManaged (39ms)
				SetLoadedEditorAssemblies (2ms)
				RefreshPlugins (1ms)
				BeforeProcessingInitializeOnLoad (219ms)
				ProcessInitializeOnLoadAttributes (970ms)
				ProcessInitializeOnLoadMethodAttributes (101ms)
				AfterProcessingInitializeOnLoad (23ms)
				EditorAssembliesLoaded (1ms)
			ExecutionOrderSort2 (0ms)
			AwakeInstancesAfterBackupRestoration (29ms)
Platform modules already initialized, skipping
Refreshing native plugins compatible for Editor in 1.03 ms, found 4 plugins.
Preloading 0 native plugins for Editor in 0.00 ms.
Unloading 4015 Unused Serialized files (Serialized files now loaded: 0)
Unloading 28 unused Assets / (404.9 KB). Loaded Objects now: 4527.
Memory consumption went from 162.1 MB to 161.7 MB.
Total: 10.842400 ms (FindLiveObjects: 0.657900 ms CreateObjectMapping: 1.044100 ms MarkObjects: 8.618400 ms  DeleteObjects: 0.518700 ms)

AssetImportParameters requested are different than current active one (requested -> active):
  custom:video-decoder-ogg-theora: a1e56fd34408186e4bbccfd4996cb3dc -> 
  custom:container-muxer-webm: aa71ff27fc2769a1b78a27578f13a17b -> 
  custom:container-demuxer-webm: 4f35f7cbe854078d1ac9338744f61a02 -> 
  custom:video-encoder-webm-vp8: eb34c28f22e8b96e1ab97ce403110664 -> 
  custom:audio-encoder-webm-vorbis: bf7c407c2cedff20999df2af8eb42d56 -> 
  custom:framework-win-MediaFoundation: 216162199b28c13a410421893ffa2e32 -> 
  custom:container-demuxer-ogg: 62fdf1f143b41e24485cea50d1cbac27 -> 
  custom:video-decoder-webm-vp8: 9c59270c3fd7afecdb556c50c9e8de78 -> 
  custom:audio-decoder-ogg-vorbis: bf7c407c2cedff20999df2af8eb42d56 -> 
========================================================================
Received Import Request.
  Time since last request: 372.798740 seconds.
  path: Assets/Prefabs/Bullet1.prefab
  artifactKey: Guid(4d88efaf717e33c41a777ecb881ddd1a) Importer(815301076,1909f56bfc062723c751e8b465ee728b)
Start importing Assets/Prefabs/Bullet1.prefab using Guid(4d88efaf717e33c41a777ecb881ddd1a) Importer(815301076,1909f56bfc062723c751e8b465ee728b)  -> (artifact id: '6a97c979259bfb2b9b38b752cc64e7b5') in 0.105848 seconds 
========================================================================
Received Import Request.
  Time since last request: 5.229518 seconds.
  path: Assets/Prefabs/Bullet3.prefab
  artifactKey: Guid(81a2e8d5b3da44f4297b4a6d3305f6ec) Importer(815301076,1909f56bfc062723c751e8b465ee728b)
Start importing Assets/Prefabs/Bullet3.prefab using Guid(81a2e8d5b3da44f4297b4a6d3305f6ec) Importer(815301076,1909f56bfc062723c751e8b465ee728b)  -> (artifact id: '770c5b9e74758ef7a1f3e643ec2f0b2d') in 0.026279 seconds 
========================================================================
Received Import Request.
  Time since last request: 8.851800 seconds.
  path: Assets/Prefabs/Bullet3.prefab
  artifactKey: Guid(81a2e8d5b3da44f4297b4a6d3305f6ec) Importer(815301076,1909f56bfc062723c751e8b465ee728b)
Start importing Assets/Prefabs/Bullet3.prefab using Guid(81a2e8d5b3da44f4297b4a6d3305f6ec) Importer(815301076,1909f56bfc062723c751e8b465ee728b)  -> (artifact id: 'f16685c359466e30b46950753f86195e') in 0.024382 seconds 
========================================================================
Received Prepare
Registering precompiled user dll's ...
Registered in 0.014071 seconds.
Begin MonoManager ReloadAssembly
Symbol file LoadedFromMemory doesn't match image C:\Unity Projects\Jet-Pac-Jack-Unity\Library\PackageCache\com.unity.visualscripting@1.7.6\Editor\VisualScripting.Core\Dependencies\YamlDotNet\Unity.VisualScripting.YamlDotNet.dll
Symbol file LoadedFromMemory doesn't match image C:\Unity Projects\Jet-Pac-Jack-Unity\Library\PackageCache\com.unity.visualscripting@1.7.6\Editor\VisualScripting.Core\Dependencies\DotNetZip\Unity.VisualScripting.IonicZip.dll
Native extension for WindowsStandalone target not found
Refreshing native plugins compatible for Editor in 2.83 ms, found 4 plugins.
Preloading 0 native plugins for Editor in 0.00 ms.
Mono: successfully reloaded assembly
- Completed reload, in  2.881 seconds
Domain Reload Profiling:
	ReloadAssembly (2889ms)
		BeginReloadAssembly (194ms)
			ExecutionOrderSort (0ms)
			DisableScriptedObjects (9ms)
			BackupInstance (0ms)
			ReleaseScriptingObjects (0ms)
			CreateAndSetChildDomain (54ms)
		EndReloadAssembly (2536ms)
			LoadAssemblies (135ms)
			RebuildTransferFunctionScriptingTraits (0ms)
			SetupTypeCache (469ms)
			ReleaseScriptCaches (5ms)
			RebuildScriptCaches (171ms)
			SetupLoadedEditorAssemblies (1540ms)
				LogAssemblyErrors (0ms)
				InitializePlatformSupportModulesInManaged (36ms)
				SetLoadedEditorAssemblies (2ms)
				RefreshPlugins (3ms)
				BeforeProcessingInitializeOnLoad (196ms)
				ProcessInitializeOnLoadAttributes (1187ms)
				ProcessInitializeOnLoadMethodAttributes (91ms)
				AfterProcessingInitializeOnLoad (25ms)
				EditorAssembliesLoaded (0ms)
			ExecutionOrderSort2 (0ms)
			AwakeInstancesAfterBackupRestoration (33ms)
Platform modules already initialized, skipping
Refreshing native plugins compatible for Editor in 1.79 ms, found 4 plugins.
Preloading 0 native plugins for Editor in 0.00 ms.
Unloading 4015 Unused Serialized files (Serialized files now loaded: 0)
Unloading 28 unused Assets / (404.8 KB). Loaded Objects now: 4529.
Memory consumption went from 162.1 MB to 161.7 MB.
Total: 8.571500 ms (FindLiveObjects: 0.622000 ms CreateObjectMapping: 0.964400 ms MarkObjects: 6.660100 ms  DeleteObjects: 0.323400 ms)

AssetImportParameters requested are different than current active one (requested -> active):
  custom:video-decoder-ogg-theora: a1e56fd34408186e4bbccfd4996cb3dc -> 
  custom:container-muxer-webm: aa71ff27fc2769a1b78a27578f13a17b -> 
  custom:container-demuxer-webm: 4f35f7cbe854078d1ac9338744f61a02 -> 
  custom:video-encoder-webm-vp8: eb34c28f22e8b96e1ab97ce403110664 -> 
  custom:audio-encoder-webm-vorbis: bf7c407c2cedff20999df2af8eb42d56 -> 
  custom:framework-win-MediaFoundation: 216162199b28c13a410421893ffa2e32 -> 
  custom:container-demuxer-ogg: 62fdf1f143b41e24485cea50d1cbac27 -> 
  custom:video-decoder-webm-vp8: 9c59270c3fd7afecdb556c50c9e8de78 -> 
  custom:audio-decoder-ogg-vorbis: bf7c407c2cedff20999df2af8eb42d56 -> 
========================================================================
Received Import Request.
  Time since last request: 205.113442 seconds.
  path: Assets/Prefabs/Bullet1.prefab
  artifactKey: Guid(4d88efaf717e33c41a777ecb881ddd1a) Importer(815301076,1909f56bfc062723c751e8b465ee728b)
Start importing Assets/Prefabs/Bullet1.prefab using Guid(4d88efaf717e33c41a777ecb881ddd1a) Importer(815301076,1909f56bfc062723c751e8b465ee728b)  -> (artifact id: 'e4f01972548b78457cd1f9a8fd9a7c45') in 0.099972 seconds 
========================================================================
Received Import Request.
  Time since last request: 3.525886 seconds.
  path: Assets/Prefabs/Bullet2.prefab
  artifactKey: Guid(cc0d8882068eca84da782116eae54a5c) Importer(815301076,1909f56bfc062723c751e8b465ee728b)
Start importing Assets/Prefabs/Bullet2.prefab using Guid(cc0d8882068eca84da782116eae54a5c) Importer(815301076,1909f56bfc062723c751e8b465ee728b)  -> (artifact id: '10501a201a18224ec973aa09a3ce92a4') in 0.021353 seconds 
========================================================================
Received Import Request.
  Time since last request: 3.385337 seconds.
  path: Assets/Prefabs/Bullet3.prefab
  artifactKey: Guid(81a2e8d5b3da44f4297b4a6d3305f6ec) Importer(815301076,1909f56bfc062723c751e8b465ee728b)
Start importing Assets/Prefabs/Bullet3.prefab using Guid(81a2e8d5b3da44f4297b4a6d3305f6ec) Importer(815301076,1909f56bfc062723c751e8b465ee728b)  -> (artifact id: '9ae1a8fce4e3d095782c7bdbab8b8dc6') in 0.035050 seconds 
========================================================================
Received Prepare
Registering precompiled user dll's ...
Registered in 0.013614 seconds.
Begin MonoManager ReloadAssembly
Symbol file LoadedFromMemory doesn't match image C:\Unity Projects\Jet-Pac-Jack-Unity\Library\PackageCache\com.unity.visualscripting@1.7.6\Editor\VisualScripting.Core\Dependencies\YamlDotNet\Unity.VisualScripting.YamlDotNet.dll
Symbol file LoadedFromMemory doesn't match image C:\Unity Projects\Jet-Pac-Jack-Unity\Library\PackageCache\com.unity.visualscripting@1.7.6\Editor\VisualScripting.Core\Dependencies\DotNetZip\Unity.VisualScripting.IonicZip.dll
Native extension for WindowsStandalone target not found
Refreshing native plugins compatible for Editor in 1.84 ms, found 4 plugins.
Preloading 0 native plugins for Editor in 0.00 ms.
Mono: successfully reloaded assembly
- Completed reload, in  2.525 seconds
Domain Reload Profiling:
	ReloadAssembly (2526ms)
		BeginReloadAssembly (196ms)
			ExecutionOrderSort (0ms)
			DisableScriptedObjects (9ms)
			BackupInstance (0ms)
			ReleaseScriptingObjects (0ms)
			CreateAndSetChildDomain (54ms)
		EndReloadAssembly (2178ms)
			LoadAssemblies (129ms)
			RebuildTransferFunctionScriptingTraits (0ms)
			SetupTypeCache (355ms)
			ReleaseScriptCaches (2ms)
			RebuildScriptCaches (135ms)
			SetupLoadedEditorAssemblies (1338ms)
				LogAssemblyErrors (0ms)
				InitializePlatformSupportModulesInManaged (29ms)
				SetLoadedEditorAssemblies (2ms)
				RefreshPlugins (2ms)
				BeforeProcessingInitializeOnLoad (187ms)
				ProcessInitializeOnLoadAttributes (976ms)
				ProcessInitializeOnLoadMethodAttributes (119ms)
				AfterProcessingInitializeOnLoad (23ms)
				EditorAssembliesLoaded (0ms)
			ExecutionOrderSort2 (0ms)
			AwakeInstancesAfterBackupRestoration (25ms)
Platform modules already initialized, skipping
Refreshing native plugins compatible for Editor in 4.77 ms, found 4 plugins.
Preloading 0 native plugins for Editor in 0.00 ms.
Unloading 4015 Unused Serialized files (Serialized files now loaded: 0)
Unloading 28 unused Assets / (397.0 KB). Loaded Objects now: 4531.
Memory consumption went from 162.1 MB to 161.7 MB.
Total: 23.250100 ms (FindLiveObjects: 0.819700 ms CreateObjectMapping: 1.686400 ms MarkObjects: 17.216500 ms  DeleteObjects: 3.524300 ms)

AssetImportParameters requested are different than current active one (requested -> active):
  custom:video-decoder-ogg-theora: a1e56fd34408186e4bbccfd4996cb3dc -> 
  custom:container-muxer-webm: aa71ff27fc2769a1b78a27578f13a17b -> 
  custom:container-demuxer-webm: 4f35f7cbe854078d1ac9338744f61a02 -> 
  custom:video-encoder-webm-vp8: eb34c28f22e8b96e1ab97ce403110664 -> 
  custom:audio-encoder-webm-vorbis: bf7c407c2cedff20999df2af8eb42d56 -> 
  custom:framework-win-MediaFoundation: 216162199b28c13a410421893ffa2e32 -> 
  custom:container-demuxer-ogg: 62fdf1f143b41e24485cea50d1cbac27 -> 
  custom:video-decoder-webm-vp8: 9c59270c3fd7afecdb556c50c9e8de78 -> 
  custom:audio-decoder-ogg-vorbis: bf7c407c2cedff20999df2af8eb42d56 -> 
========================================================================
Received Import Request.
  Time since last request: 3891.571420 seconds.
  path: Assets/Sprites/EnemiesMoreSheet.png
  artifactKey: Guid(c803b4cfb01cf224bae23074c6d0375c) Importer(815301076,1909f56bfc062723c751e8b465ee728b)
Start importing Assets/Sprites/EnemiesMoreSheet.png using Guid(c803b4cfb01cf224bae23074c6d0375c) Importer(815301076,1909f56bfc062723c751e8b465ee728b)  -> (artifact id: '091d3e59dfbad528c11410b3b3aaa72a') in 0.121295 seconds 
========================================================================
Received Import Request.
  Time since last request: 8.933272 seconds.
  path: Assets/Sprites/EnemiesMoreSheet.png
  artifactKey: Guid(c803b4cfb01cf224bae23074c6d0375c) Importer(815301076,1909f56bfc062723c751e8b465ee728b)
Start importing Assets/Sprites/EnemiesMoreSheet.png using Guid(c803b4cfb01cf224bae23074c6d0375c) Importer(815301076,1909f56bfc062723c751e8b465ee728b)  -> (artifact id: '26fe485bffa87b658ff0888e4441277e') in 0.017580 seconds 
========================================================================
Received Import Request.
  Time since last request: 36.336634 seconds.
  path: Assets/Sprites/EnemiesMoreSheet.png
  artifactKey: Guid(c803b4cfb01cf224bae23074c6d0375c) Importer(815301076,1909f56bfc062723c751e8b465ee728b)
Start importing Assets/Sprites/EnemiesMoreSheet.png using Guid(c803b4cfb01cf224bae23074c6d0375c) Importer(815301076,1909f56bfc062723c751e8b465ee728b)  -> (artifact id: '77072ffa92d709b5be9b4b8a045be8fa') in 0.050841 seconds 
